[Tue Jul 14 16:49:05.285782 2015] [mpm_winnt:notice] [pid 3640:tid 552] AH00455: Apache/2.4.9 (Win32) PHP/5.5.12 configured -- resuming normal operations
[Tue Jul 14 16:49:05.285782 2015] [mpm_winnt:notice] [pid 3640:tid 552] AH00456: Apache Lounge VC11 Server built: Mar 16 2014 12:13:13
[Tue Jul 14 16:49:05.285782 2015] [core:notice] [pid 3640:tid 552] AH00094: Command line: 'c:\\wamp\\bin\\apache\\apache2.4.9\\bin\\httpd.exe -d C:/wamp/bin/apache/apache2.4.9'
[Tue Jul 14 16:49:05.285782 2015] [mpm_winnt:notice] [pid 3640:tid 552] AH00418: Parent: Created child process 3548
[Tue Jul 14 16:49:06.255824 2015] [mpm_winnt:notice] [pid 3548:tid 460] AH00354: Child: Starting 64 worker threads.
[Tue Jul 14 16:49:23.128759 2015] [mpm_winnt:notice] [pid 3640:tid 552] AH00422: Parent: Received shutdown signal -- Shutting down the server.
[Tue Jul 14 16:49:25.158575 2015] [mpm_winnt:notice] [pid 3548:tid 460] AH00364: Child: All worker threads have exited.
[Tue Jul 14 16:49:25.205451 2015] [mpm_winnt:notice] [pid 3640:tid 552] AH00430: Parent: Child process 3548 exited successfully.
[Tue Jul 14 16:49:26.299211 2015] [mpm_winnt:notice] [pid 4560:tid 564] AH00455: Apache/2.4.9 (Win32) PHP/5.5.12 configured -- resuming normal operations
[Tue Jul 14 16:49:26.299211 2015] [mpm_winnt:notice] [pid 4560:tid 564] AH00456: Apache Lounge VC11 Server built: Mar 16 2014 12:13:13
[Tue Jul 14 16:49:26.299211 2015] [core:notice] [pid 4560:tid 564] AH00094: Command line: 'c:\\wamp\\bin\\apache\\apache2.4.9\\bin\\httpd.exe -d C:/wamp/bin/apache/apache2.4.9'
[Tue Jul 14 16:49:26.299211 2015] [mpm_winnt:notice] [pid 4560:tid 564] AH00418: Parent: Created child process 9040
[Tue Jul 14 16:49:27.380228 2015] [mpm_winnt:notice] [pid 9040:tid 468] AH00354: Child: Starting 64 worker threads.
[Tue Jul 14 16:49:28.493997 2015] [mpm_winnt:notice] [pid 4560:tid 564] AH00422: Parent: Received shutdown signal -- Shutting down the server.
[Tue Jul 14 16:49:30.513413 2015] [mpm_winnt:notice] [pid 9040:tid 468] AH00364: Child: All worker threads have exited.
[Tue Jul 14 16:49:30.560292 2015] [mpm_winnt:notice] [pid 4560:tid 564] AH00430: Parent: Child process 9040 exited successfully.
[Tue Jul 14 16:49:34.005736 2015] [mpm_winnt:notice] [pid 3344:tid 548] AH00455: Apache/2.4.9 (Win32) PHP/5.5.12 configured -- resuming normal operations
[Tue Jul 14 16:49:34.005736 2015] [mpm_winnt:notice] [pid 3344:tid 548] AH00456: Apache Lounge VC11 Server built: Mar 16 2014 12:13:13
[Tue Jul 14 16:49:34.005736 2015] [core:notice] [pid 3344:tid 548] AH00094: Command line: 'c:\\wamp\\bin\\apache\\apache2.4.9\\bin\\httpd.exe -d C:/wamp/bin/apache/apache2.4.9'
[Tue Jul 14 16:49:34.005736 2015] [mpm_winnt:notice] [pid 3344:tid 548] AH00418: Parent: Created child process 5340
[Tue Jul 14 16:49:35.103085 2015] [mpm_winnt:notice] [pid 5340:tid 468] AH00354: Child: Starting 64 worker threads.
[Tue Jul 14 17:00:31.303424 2015] [mpm_winnt:notice] [pid 3344:tid 548] AH00422: Parent: Received shutdown signal -- Shutting down the server.
[Tue Jul 14 17:00:33.322410 2015] [mpm_winnt:notice] [pid 5340:tid 468] AH00364: Child: All worker threads have exited.
[Tue Jul 14 17:00:33.369286 2015] [mpm_winnt:notice] [pid 3344:tid 548] AH00430: Parent: Child process 5340 exited successfully.
[Tue Jul 14 17:00:35.862368 2015] [mpm_winnt:notice] [pid 7908:tid 552] AH00455: Apache/2.4.9 (Win32) PHP/5.5.12 configured -- resuming normal operations
[Tue Jul 14 17:00:35.862368 2015] [mpm_winnt:notice] [pid 7908:tid 552] AH00456: Apache Lounge VC11 Server built: Mar 16 2014 12:13:13
[Tue Jul 14 17:00:35.862368 2015] [core:notice] [pid 7908:tid 552] AH00094: Command line: 'c:\\wamp\\bin\\apache\\apache2.4.9\\bin\\httpd.exe -d C:/wamp/bin/apache/apache2.4.9'
[Tue Jul 14 17:00:35.862368 2015] [mpm_winnt:notice] [pid 7908:tid 552] AH00418: Parent: Created child process 7144
[Tue Jul 14 17:00:36.831124 2015] [mpm_winnt:notice] [pid 7144:tid 460] AH00354: Child: Starting 64 worker threads.
[Tue Jul 14 17:06:32.298412 2015] [mpm_winnt:notice] [pid 7908:tid 552] AH00422: Parent: Received shutdown signal -- Shutting down the server.
[Tue Jul 14 17:06:34.313824 2015] [mpm_winnt:notice] [pid 7144:tid 460] AH00364: Child: All worker threads have exited.
[Tue Jul 14 17:06:34.360700 2015] [mpm_winnt:notice] [pid 7908:tid 552] AH00430: Parent: Child process 7144 exited successfully.
[Tue Jul 14 17:06:37.188211 2015] [mpm_winnt:notice] [pid 6380:tid 544] AH00455: Apache/2.4.9 (Win32) PHP/5.5.12 configured -- resuming normal operations
[Tue Jul 14 17:06:37.188211 2015] [mpm_winnt:notice] [pid 6380:tid 544] AH00456: Apache Lounge VC11 Server built: Mar 16 2014 12:13:13
[Tue Jul 14 17:06:37.188211 2015] [core:notice] [pid 6380:tid 544] AH00094: Command line: 'c:\\wamp\\bin\\apache\\apache2.4.9\\bin\\httpd.exe -d C:/wamp/bin/apache/apache2.4.9'
[Tue Jul 14 17:06:37.188211 2015] [mpm_winnt:notice] [pid 6380:tid 544] AH00418: Parent: Created child process 1068
[Tue Jul 14 17:06:38.107764 2015] [mpm_winnt:notice] [pid 1068:tid 448] AH00354: Child: Starting 64 worker threads.
[Tue Jul 14 17:12:54.933206 2015] [mpm_winnt:notice] [pid 6380:tid 544] AH00422: Parent: Received shutdown signal -- Shutting down the server.
[Tue Jul 14 17:12:56.940300 2015] [mpm_winnt:notice] [pid 1068:tid 448] AH00364: Child: All worker threads have exited.
[Tue Jul 14 17:12:57.011284 2015] [mpm_winnt:notice] [pid 6380:tid 544] AH00430: Parent: Child process 1068 exited successfully.
[Tue Jul 14 17:12:58.806567 2015] [mpm_winnt:notice] [pid 8640:tid 544] AH00455: Apache/2.4.9 (Win32) PHP/5.5.12 configured -- resuming normal operations
[Tue Jul 14 17:12:58.806567 2015] [mpm_winnt:notice] [pid 8640:tid 544] AH00456: Apache Lounge VC11 Server built: Mar 16 2014 12:13:13
[Tue Jul 14 17:12:58.806567 2015] [core:notice] [pid 8640:tid 544] AH00094: Command line: 'c:\\wamp\\bin\\apache\\apache2.4.9\\bin\\httpd.exe -d C:/wamp/bin/apache/apache2.4.9'
[Tue Jul 14 17:12:58.806567 2015] [mpm_winnt:notice] [pid 8640:tid 544] AH00418: Parent: Created child process 4520
[Tue Jul 14 17:12:59.730183 2015] [mpm_winnt:notice] [pid 4520:tid 468] AH00354: Child: Starting 64 worker threads.
[Tue Jul 14 17:38:13.215827 2015] [mpm_winnt:notice] [pid 8640:tid 544] AH00422: Parent: Received shutdown signal -- Shutting down the server.
[Tue Jul 14 17:38:15.244160 2015] [mpm_winnt:notice] [pid 4520:tid 468] AH00364: Child: All worker threads have exited.
[Tue Jul 14 17:38:15.291035 2015] [mpm_winnt:notice] [pid 8640:tid 544] AH00430: Parent: Child process 4520 exited successfully.
[Tue Jul 14 17:38:17.936403 2015] [mpm_winnt:notice] [pid 1340:tid 556] AH00455: Apache/2.4.9 (Win32) PHP/5.5.12 configured -- resuming normal operations
[Tue Jul 14 17:38:17.936403 2015] [mpm_winnt:notice] [pid 1340:tid 556] AH00456: Apache Lounge VC11 Server built: Mar 16 2014 12:13:13
[Tue Jul 14 17:38:17.936403 2015] [core:notice] [pid 1340:tid 556] AH00094: Command line: 'c:\\wamp\\bin\\apache\\apache2.4.9\\bin\\httpd.exe -d C:/wamp/bin/apache/apache2.4.9'
[Tue Jul 14 17:38:17.952028 2015] [mpm_winnt:notice] [pid 1340:tid 556] AH00418: Parent: Created child process 4808
[Tue Jul 14 17:38:19.133637 2015] [mpm_winnt:notice] [pid 4808:tid 464] AH00354: Child: Starting 64 worker threads.
[Tue Jul 14 17:57:46.164560 2015] [cgi:error] [pid 4808:tid 968] (OS 2)The system cannot find the file specified.  : [client ::1:61065] couldn't create child process: 720002: form.py, referer: http://localhost:8000/
[Tue Jul 14 17:57:46.164560 2015] [cgi:error] [pid 4808:tid 968] (OS 2)The system cannot find the file specified.  : [client ::1:61065] AH01223: couldn't spawn child process: C:/wamp/www/cgi/form.py, referer: http://localhost:8000/
[Tue Jul 14 18:00:22.147065 2015] [win32:error] [pid 4808:tid 980] [client ::1:61091] AH02102: C:/wamp/www/cgi/form.cgi is not executable; ensure interpreted scripts have "#!" or "'!" first line, referer: http://localhost:8000/
[Tue Jul 14 18:00:22.147065 2015] [cgi:error] [pid 4808:tid 980] (9)Bad file descriptor: [client ::1:61091] AH01222: don't know how to spawn child process: C:/wamp/www/cgi/form.cgi, referer: http://localhost:8000/
[Tue Jul 14 18:03:58.619559 2015] [win32:error] [pid 4808:tid 976] [client ::1:61120] AH02102: C:/wamp/www/cgi/form.cgi is not executable; ensure interpreted scripts have "#!" or "'!" first line, referer: http://localhost:8000/
[Tue Jul 14 18:03:58.620559 2015] [cgi:error] [pid 4808:tid 976] (9)Bad file descriptor: [client ::1:61120] AH01222: don't know how to spawn child process: C:/wamp/www/cgi/form.cgi, referer: http://localhost:8000/
[Tue Jul 14 23:25:20.135978 2015] [cgi:error] [pid 4808:tid 980] [client ::1:63298] script not found or unable to stat: C:/wamp/www/cgi/form.cgi, referer: http://localhost:8000/
[Tue Jul 14 23:27:20.820519 2015] [cgi:error] [pid 4808:tid 980] [client ::1:63301] script not found or unable to stat: C:/wamp/www/cgi/form.cgi, referer: http://localhost:8000/
[Tue Jul 14 23:27:24.315397 2015] [cgi:error] [pid 4808:tid 980] [client ::1:63301] script not found or unable to stat: C:/wamp/www/cgi/form.cgi, referer: http://localhost:8000/
[Tue Jul 14 23:27:59.596868 2015] [cgi:error] [pid 4808:tid 984] [client ::1:63304] script not found or unable to stat: C:/wamp/www/cgi/form.cgi, referer: http://localhost:8000/
[Wed Jul 15 00:36:07.475241 2015] [cgi:error] [pid 4808:tid 984] (OS 2)The system cannot find the file specified.  : [client ::1:63929] couldn't create child process: 720002: form.cgi, referer: http://localhost:8000/
[Wed Jul 15 00:36:07.475241 2015] [cgi:error] [pid 4808:tid 984] (OS 2)The system cannot find the file specified.  : [client ::1:63929] AH01223: couldn't spawn child process: C:/wamp/bin/apache/apache2.4.9/cgi-bin/form.cgi, referer: http://localhost:8000/
[Wed Jul 15 01:01:06.693474 2015] [cgi:error] [pid 4808:tid 980] [client ::1:64234] End of script output before headers: form.cgi, referer: http://localhost:8000/
[Wed Jul 15 01:01:06.693474 2015] [cgi:error] [pid 4808:tid 980] [client ::1:64234] AH01215: Substitution pattern not terminated at C:/wamp/bin/apache/apache2.4.9/cgi-bin/form.cgi line 11.\r, referer: http://localhost:8000/
[Wed Jul 15 01:03:18.270715 2015] [cgi:error] [pid 4808:tid 984] [client ::1:64240] End of script output before headers: form.cgi, referer: http://localhost:8000/
[Wed Jul 15 01:03:18.270715 2015] [cgi:error] [pid 4808:tid 984] [client ::1:64240] AH01215: Substitution pattern not terminated at C:/wamp/bin/apache/apache2.4.9/cgi-bin/form.cgi line 11.\r, referer: http://localhost:8000/
[Wed Jul 15 01:08:16.379909 2015] [cgi:error] [pid 4808:tid 980] [client ::1:64302] End of script output before headers: form.cgi, referer: http://localhost:8000/
[Wed Jul 15 01:08:16.379909 2015] [cgi:error] [pid 4808:tid 980] [client ::1:64302] AH01215: Substitution pattern not terminated at C:/wamp/bin/apache/apache2.4.9/cgi-bin/form.cgi line 11.\r, referer: http://localhost:8000/
[Wed Jul 15 01:44:10.708900 2015] [cgi:error] [pid 4808:tid 984] [client ::1:64687] End of script output before headers: form.cgi, referer: http://localhost:8000/
[Wed Jul 15 01:44:10.709909 2015] [cgi:error] [pid 4808:tid 984] [client ::1:64687] AH01215: Undefined subroutine &main::header called at C:/wamp/bin/apache/apache2.4.9/cgi-bin/form.cgi line 7., referer: http://localhost:8000/
[Wed Jul 15 01:44:16.579850 2015] [cgi:error] [pid 4808:tid 976] [client ::1:64688] End of script output before headers: form.cgi, referer: http://localhost:8000/
[Wed Jul 15 01:44:16.580844 2015] [cgi:error] [pid 4808:tid 976] [client ::1:64688] AH01215: Undefined subroutine &main::header called at C:/wamp/bin/apache/apache2.4.9/cgi-bin/form.cgi line 7., referer: http://localhost:8000/
[Wed Jul 15 02:21:01.652205 2015] [cgi:error] [pid 4808:tid 984] [client ::1:65110] AH01215: Name "main::end_html" used only once: possible typo at C:/wamp/bin/apache/apache2.4.9/cgi-bin/form.cgi line 15., referer: http://localhost:8000/
[Wed Jul 15 02:21:01.653207 2015] [cgi:error] [pid 4808:tid 984] [client ::1:65110] AH01215: Undefined subroutine &main::start_html called at C:/wamp/bin/apache/apache2.4.9/cgi-bin/form.cgi line 7., referer: http://localhost:8000/
[Wed Jul 15 02:21:22.966598 2015] [cgi:error] [pid 4808:tid 976] [client ::1:65114] AH01215: Name "main::end_html" used only once: possible typo at C:/wamp/bin/apache/apache2.4.9/cgi-bin/form.cgi line 15., referer: http://localhost:8000/
[Wed Jul 15 02:21:22.967600 2015] [cgi:error] [pid 4808:tid 976] [client ::1:65114] AH01215: Undefined subroutine &main::start_html called at C:/wamp/bin/apache/apache2.4.9/cgi-bin/form.cgi line 7., referer: http://localhost:8000/
[Wed Jul 15 02:21:31.474641 2015] [cgi:error] [pid 4808:tid 976] [client ::1:65115] AH01215: Name "main::end_html" used only once: possible typo at C:/wamp/bin/apache/apache2.4.9/cgi-bin/form.cgi line 15., referer: http://localhost:8000/
[Wed Jul 15 02:21:31.475611 2015] [cgi:error] [pid 4808:tid 976] [client ::1:65115] AH01215: Undefined subroutine &main::start_html called at C:/wamp/bin/apache/apache2.4.9/cgi-bin/form.cgi line 7., referer: http://localhost:8000/
[Wed Jul 15 02:51:31.683072 2015] [cgi:error] [pid 4808:tid 976] [client ::1:65378] AH01215: [Wed Jul 15 02:51:31 2015] form.cgi: Illegal character in prototype for main::writeToFile : $time at C:/wamp/bin/apache/apache2.4.9/cgi-bin/form.cgi line 25., referer: http://localhost:8000/
[Wed Jul 15 02:51:48.218189 2015] [cgi:error] [pid 4808:tid 976] [client ::1:65379] AH01215: [Wed Jul 15 02:51:48 2015] form.cgi: Illegal character in prototype for main::writeToFile : $time at C:/wamp/bin/apache/apache2.4.9/cgi-bin/form.cgi line 25., referer: http://localhost:8000/
[Wed Jul 15 02:59:08.392205 2015] [mpm_winnt:notice] [pid 1340:tid 556] AH00422: Parent: Received shutdown signal -- Shutting down the server.
[Wed Jul 15 02:59:10.423474 2015] [mpm_winnt:notice] [pid 4808:tid 464] AH00364: Child: All worker threads have exited.
[Wed Jul 15 02:59:10.454756 2015] [mpm_winnt:notice] [pid 1340:tid 556] AH00430: Parent: Child process 4808 exited successfully.
[Wed Jul 15 21:47:41.278594 2015] [mpm_winnt:notice] [pid 6976:tid 548] AH00455: Apache/2.4.9 (Win32) PHP/5.5.12 configured -- resuming normal operations
[Wed Jul 15 21:47:41.278594 2015] [mpm_winnt:notice] [pid 6976:tid 548] AH00456: Apache Lounge VC11 Server built: Mar 16 2014 12:13:13
[Wed Jul 15 21:47:41.278594 2015] [core:notice] [pid 6976:tid 548] AH00094: Command line: 'c:\\wamp\\bin\\apache\\apache2.4.9\\bin\\httpd.exe -d C:/wamp/bin/apache/apache2.4.9'
[Wed Jul 15 21:47:41.294219 2015] [mpm_winnt:notice] [pid 6976:tid 548] AH00418: Parent: Created child process 3576
[Wed Jul 15 21:47:42.325458 2015] [mpm_winnt:notice] [pid 3576:tid 468] AH00354: Child: Starting 64 worker threads.
[Wed Jul 15 22:19:27.892516 2015] [cgi:error] [pid 3576:tid 980] [client ::1:50686] AH01215: [Wed Jul 15 22:19:27 2015] form.cgi: Global symbol "$timestamp_info" requires explicit package name at C:/wamp/bin/apache/apache2.4.9/cgi-bin/form.cgi line 18., referer: http://localhost:8000/
[Wed Jul 15 22:19:27.892516 2015] [cgi:error] [pid 3576:tid 980] [client ::1:50686] AH01215: [Wed Jul 15 22:19:27 2015] form.cgi: syntax error at C:/wamp/bin/apache/apache2.4.9/cgi-bin/form.cgi line 24, near ">,", referer: http://localhost:8000/
[Wed Jul 15 22:19:27.892516 2015] [cgi:error] [pid 3576:tid 980] [client ::1:50686] AH01215: [Wed Jul 15 22:19:27 2015] form.cgi: Execution of C:/wamp/bin/apache/apache2.4.9/cgi-bin/form.cgi aborted due to compilation errors., referer: http://localhost:8000/
[Wed Jul 15 22:20:00.006338 2015] [cgi:error] [pid 3576:tid 980] [client ::1:50688] AH01215: [Wed Jul 15 22:19:59 2015] form.cgi: syntax error at C:/wamp/bin/apache/apache2.4.9/cgi-bin/form.cgi line 24, near ">,", referer: http://localhost:8000/
[Wed Jul 15 22:20:00.010342 2015] [cgi:error] [pid 3576:tid 980] [client ::1:50688] AH01215: [Wed Jul 15 22:19:59 2015] form.cgi: Execution of C:/wamp/bin/apache/apache2.4.9/cgi-bin/form.cgi aborted due to compilation errors., referer: http://localhost:8000/
[Wed Jul 15 22:20:16.654630 2015] [cgi:error] [pid 3576:tid 980] [client ::1:50689] AH01215: [Wed Jul 15 22:20:16 2015] form.cgi: Argument "_info.txt" isn't numeric in addition (+) at C:/wamp/bin/apache/apache2.4.9/cgi-bin/form.cgi line 18., referer: http://localhost:8000/
[Wed Jul 15 22:50:04.299978 2015] [cgi:error] [pid 3576:tid 980] [client ::1:50987] AH01215: [Wed Jul 15 22:50:04 2015] form.cgi: Bareword found where operator expected at C:/wamp/bin/apache/apache2.4.9/cgi-bin/form.cgi line 32, near ") param", referer: http://localhost:8000/
[Wed Jul 15 22:56:31.203335 2015] [cgi:error] [pid 3576:tid 988] [client ::1:51061] AH01215: [Wed Jul 15 22:56:31 2015] form.cgi: Global symbol "$firstname" requires explicit package name at C:/wamp/bin/apache/apache2.4.9/cgi-bin/form.cgi line 26., referer: http://localhost:8000/
[Wed Jul 15 22:56:31.204335 2015] [cgi:error] [pid 3576:tid 988] [client ::1:51061] AH01215: [Wed Jul 15 22:56:31 2015] form.cgi: Global symbol "$firstname" requires explicit package name at C:/wamp/bin/apache/apache2.4.9/cgi-bin/form.cgi line 26., referer: http://localhost:8000/
[Wed Jul 15 22:56:31.205342 2015] [cgi:error] [pid 3576:tid 988] [client ::1:51061] AH01215: [Wed Jul 15 22:56:31 2015] form.cgi: Global symbol "$lastname" requires explicit package name at C:/wamp/bin/apache/apache2.4.9/cgi-bin/form.cgi line 27., referer: http://localhost:8000/
[Wed Jul 15 22:56:31.205342 2015] [cgi:error] [pid 3576:tid 988] [client ::1:51061] AH01215: [Wed Jul 15 22:56:31 2015] form.cgi: Global symbol "$lastname" requires explicit package name at C:/wamp/bin/apache/apache2.4.9/cgi-bin/form.cgi line 27., referer: http://localhost:8000/
[Wed Jul 15 22:56:31.206337 2015] [cgi:error] [pid 3576:tid 988] [client ::1:51061] AH01215: [Wed Jul 15 22:56:31 2015] form.cgi: Global symbol "$email" requires explicit package name at C:/wamp/bin/apache/apache2.4.9/cgi-bin/form.cgi line 28., referer: http://localhost:8000/
[Wed Jul 15 22:56:31.207339 2015] [cgi:error] [pid 3576:tid 988] [client ::1:51061] AH01215: [Wed Jul 15 22:56:31 2015] form.cgi: Global symbol "$email" requires explicit package name at C:/wamp/bin/apache/apache2.4.9/cgi-bin/form.cgi line 28., referer: http://localhost:8000/
[Wed Jul 15 22:56:31.207339 2015] [cgi:error] [pid 3576:tid 988] [client ::1:51061] AH01215: [Wed Jul 15 22:56:31 2015] form.cgi: Global symbol "$institution" requires explicit package name at C:/wamp/bin/apache/apache2.4.9/cgi-bin/form.cgi line 29., referer: http://localhost:8000/
[Wed Jul 15 22:56:31.208337 2015] [cgi:error] [pid 3576:tid 988] [client ::1:51061] AH01215: [Wed Jul 15 22:56:31 2015] form.cgi: Global symbol "$institution" requires explicit package name at C:/wamp/bin/apache/apache2.4.9/cgi-bin/form.cgi line 29., referer: http://localhost:8000/
[Wed Jul 15 22:56:31.208337 2015] [cgi:error] [pid 3576:tid 988] [client ::1:51061] AH01215: [Wed Jul 15 22:56:31 2015] form.cgi: Global symbol "$training" requires explicit package name at C:/wamp/bin/apache/apache2.4.9/cgi-bin/form.cgi line 34., referer: http://localhost:8000/
[Wed Jul 15 22:56:31.209340 2015] [cgi:error] [pid 3576:tid 988] [client ::1:51061] AH01215: [Wed Jul 15 22:56:31 2015] form.cgi: Global symbol "$training" requires explicit package name at C:/wamp/bin/apache/apache2.4.9/cgi-bin/form.cgi line 34., referer: http://localhost:8000/
[Wed Jul 15 22:56:31.210340 2015] [cgi:error] [pid 3576:tid 988] [client ::1:51061] AH01215: [Wed Jul 15 22:56:31 2015] form.cgi: Execution of C:/wamp/bin/apache/apache2.4.9/cgi-bin/form.cgi aborted due to compilation errors., referer: http://localhost:8000/
[Wed Jul 15 22:56:56.611519 2015] [cgi:error] [pid 3576:tid 980] [client ::1:51064] AH01215: [Wed Jul 15 22:56:56 2015] form.cgi: Global symbol "$firstname" requires explicit package name at C:/wamp/bin/apache/apache2.4.9/cgi-bin/form.cgi line 26., referer: http://localhost:8000/
[Wed Jul 15 22:56:56.611519 2015] [cgi:error] [pid 3576:tid 980] [client ::1:51064] AH01215: [Wed Jul 15 22:56:56 2015] form.cgi: Global symbol "$lastname" requires explicit package name at C:/wamp/bin/apache/apache2.4.9/cgi-bin/form.cgi line 27., referer: http://localhost:8000/
[Wed Jul 15 22:56:56.612519 2015] [cgi:error] [pid 3576:tid 980] [client ::1:51064] AH01215: [Wed Jul 15 22:56:56 2015] form.cgi: Global symbol "$email" requires explicit package name at C:/wamp/bin/apache/apache2.4.9/cgi-bin/form.cgi line 28., referer: http://localhost:8000/
[Wed Jul 15 22:56:56.612519 2015] [cgi:error] [pid 3576:tid 980] [client ::1:51064] AH01215: [Wed Jul 15 22:56:56 2015] form.cgi: Global symbol "$institution" requires explicit package name at C:/wamp/bin/apache/apache2.4.9/cgi-bin/form.cgi line 29., referer: http://localhost:8000/
[Wed Jul 15 22:56:56.613520 2015] [cgi:error] [pid 3576:tid 980] [client ::1:51064] AH01215: [Wed Jul 15 22:56:56 2015] form.cgi: Global symbol "$firstname" requires explicit package name at C:/wamp/bin/apache/apache2.4.9/cgi-bin/form.cgi line 30., referer: http://localhost:8000/
[Wed Jul 15 22:56:56.613520 2015] [cgi:error] [pid 3576:tid 980] [client ::1:51064] AH01215: [Wed Jul 15 22:56:56 2015] form.cgi: Global symbol "$lastname" requires explicit package name at C:/wamp/bin/apache/apache2.4.9/cgi-bin/form.cgi line 31., referer: http://localhost:8000/
[Wed Jul 15 22:56:56.614521 2015] [cgi:error] [pid 3576:tid 980] [client ::1:51064] AH01215: [Wed Jul 15 22:56:56 2015] form.cgi: Global symbol "$email" requires explicit package name at C:/wamp/bin/apache/apache2.4.9/cgi-bin/form.cgi line 32., referer: http://localhost:8000/
[Wed Jul 15 22:56:56.614521 2015] [cgi:error] [pid 3576:tid 980] [client ::1:51064] AH01215: [Wed Jul 15 22:56:56 2015] form.cgi: Global symbol "$institution" requires explicit package name at C:/wamp/bin/apache/apache2.4.9/cgi-bin/form.cgi line 33., referer: http://localhost:8000/
[Wed Jul 15 22:56:56.615521 2015] [cgi:error] [pid 3576:tid 980] [client ::1:51064] AH01215: [Wed Jul 15 22:56:56 2015] form.cgi: Global symbol "$training" requires explicit package name at C:/wamp/bin/apache/apache2.4.9/cgi-bin/form.cgi line 37., referer: http://localhost:8000/
[Wed Jul 15 22:56:56.615521 2015] [cgi:error] [pid 3576:tid 980] [client ::1:51064] AH01215: [Wed Jul 15 22:56:56 2015] form.cgi: Global symbol "$training" requires explicit package name at C:/wamp/bin/apache/apache2.4.9/cgi-bin/form.cgi line 38., referer: http://localhost:8000/
[Wed Jul 15 22:56:56.615521 2015] [cgi:error] [pid 3576:tid 980] [client ::1:51064] AH01215: [Wed Jul 15 22:56:56 2015] form.cgi: Execution of C:/wamp/bin/apache/apache2.4.9/cgi-bin/form.cgi aborted due to compilation errors., referer: http://localhost:8000/
[Wed Jul 15 23:05:10.570289 2015] [cgi:error] [pid 3576:tid 988] [client ::1:51120] AH01215: [Wed Jul 15 23:05:10 2015] form.cgi: Global symbol "$fh" requires explicit package name at C:/wamp/bin/apache/apache2.4.9/cgi-bin/form.cgi line 29., referer: http://localhost:8000/
[Wed Jul 15 23:05:10.570289 2015] [cgi:error] [pid 3576:tid 988] [client ::1:51120] AH01215: [Wed Jul 15 23:05:10 2015] form.cgi: Execution of C:/wamp/bin/apache/apache2.4.9/cgi-bin/form.cgi aborted due to compilation errors., referer: http://localhost:8000/
[Wed Jul 15 23:10:28.572376 2015] [cgi:error] [pid 3576:tid 988] [client ::1:51132] AH01215: [Wed Jul 15 23:10:28 2015] form.cgi: syntax error at C:/wamp/bin/apache/apache2.4.9/cgi-bin/form.cgi line 41, near "), referer: http://localhost:8000/
[Wed Jul 15 23:10:28.572376 2015] [cgi:error] [pid 3576:tid 988] [client ::1:51132] AH01215: [Wed Jul 15 23:10:28 2015] form.cgi: print", referer: http://localhost:8000/
[Wed Jul 15 23:10:28.573376 2015] [cgi:error] [pid 3576:tid 988] [client ::1:51132] AH01215: [Wed Jul 15 23:10:28 2015] form.cgi: Global symbol "$training_genome" requires explicit package name at C:/wamp/bin/apache/apache2.4.9/cgi-bin/form.cgi line 41., referer: http://localhost:8000/
[Wed Jul 15 23:10:28.574377 2015] [cgi:error] [pid 3576:tid 988] [client ::1:51132] AH01215: [Wed Jul 15 23:10:28 2015] form.cgi: Execution of C:/wamp/bin/apache/apache2.4.9/cgi-bin/form.cgi aborted due to compilation errors., referer: http://localhost:8000/
[Thu Jul 16 19:24:52.656159 2015] [mpm_winnt:notice] [pid 6976:tid 548] AH00422: Parent: Received shutdown signal -- Shutting down the server.
[Thu Jul 16 19:24:54.662405 2015] [mpm_winnt:notice] [pid 3576:tid 468] AH00364: Child: All worker threads have exited.
[Thu Jul 16 19:24:54.726380 2015] [mpm_winnt:notice] [pid 6976:tid 548] AH00430: Parent: Child process 3576 exited successfully.
[Thu Jul 16 19:24:57.310565 2015] [mpm_winnt:notice] [pid 4080:tid 556] AH00455: Apache/2.4.9 (Win32) PHP/5.5.12 configured -- resuming normal operations
[Thu Jul 16 19:24:57.310565 2015] [mpm_winnt:notice] [pid 4080:tid 556] AH00456: Apache Lounge VC11 Server built: Mar 16 2014 12:13:13
[Thu Jul 16 19:24:57.310565 2015] [core:notice] [pid 4080:tid 556] AH00094: Command line: 'c:\\wamp\\bin\\apache\\apache2.4.9\\bin\\httpd.exe -d C:/wamp/bin/apache/apache2.4.9'
[Thu Jul 16 19:24:57.314557 2015] [mpm_winnt:notice] [pid 4080:tid 556] AH00418: Parent: Created child process 4136
[Thu Jul 16 19:24:58.414650 2015] [mpm_winnt:notice] [pid 4136:tid 468] AH00354: Child: Starting 64 worker threads.
[Sun Jul 19 11:47:31.013614 2015] [mpm_winnt:notice] [pid 4080:tid 556] AH00422: Parent: Received shutdown signal -- Shutting down the server.
[Sun Jul 19 11:47:33.263461 2015] [mpm_winnt:notice] [pid 4136:tid 468] AH00364: Child: All worker threads have exited.
[Sun Jul 19 11:47:41.419264 2015] [mpm_winnt:notice] [pid 4080:tid 556] AH00430: Parent: Child process 4136 exited successfully.
[Mon Jul 20 10:20:17.571271 2015] [mpm_winnt:notice] [pid 976:tid 556] AH00455: Apache/2.4.9 (Win32) PHP/5.5.12 configured -- resuming normal operations
[Mon Jul 20 10:20:17.586894 2015] [mpm_winnt:notice] [pid 976:tid 556] AH00456: Apache Lounge VC11 Server built: Mar 16 2014 12:13:13
[Mon Jul 20 10:20:17.586894 2015] [core:notice] [pid 976:tid 556] AH00094: Command line: 'c:\\wamp\\bin\\apache\\apache2.4.9\\bin\\httpd.exe -d C:/wamp/bin/apache/apache2.4.9'
[Mon Jul 20 10:20:17.586894 2015] [mpm_winnt:notice] [pid 976:tid 556] AH00418: Parent: Created child process 4100
[Mon Jul 20 10:20:18.602524 2015] [mpm_winnt:notice] [pid 4100:tid 472] AH00354: Child: Starting 64 worker threads.
[Mon Jul 20 10:24:40.826953 2015] [mpm_winnt:notice] [pid 976:tid 556] AH00422: Parent: Received shutdown signal -- Shutting down the server.
[Mon Jul 20 10:24:42.856353 2015] [mpm_winnt:notice] [pid 4100:tid 472] AH00364: Child: All worker threads have exited.
[Mon Jul 20 10:24:42.903250 2015] [mpm_winnt:notice] [pid 976:tid 556] AH00430: Parent: Child process 4100 exited successfully.
[Mon Jul 20 19:32:02.451850 2015] [mpm_winnt:notice] [pid 1856:tid 580] AH00455: Apache/2.4.9 (Win32) PHP/5.5.12 configured -- resuming normal operations
[Mon Jul 20 19:32:02.451850 2015] [mpm_winnt:notice] [pid 1856:tid 580] AH00456: Apache Lounge VC11 Server built: Mar 16 2014 12:13:13
[Mon Jul 20 19:32:02.451850 2015] [core:notice] [pid 1856:tid 580] AH00094: Command line: 'c:\\wamp\\bin\\apache\\apache2.4.9\\bin\\httpd.exe -d C:/wamp/bin/apache/apache2.4.9'
[Mon Jul 20 19:32:02.454852 2015] [mpm_winnt:notice] [pid 1856:tid 580] AH00418: Parent: Created child process 7260
[Mon Jul 20 19:32:03.515598 2015] [mpm_winnt:notice] [pid 7260:tid 472] AH00354: Child: Starting 64 worker threads.
[Mon Jul 20 23:23:00.557437 2015] [cgi:error] [pid 7260:tid 988] [client ::1:59362] AH01215: [Mon Jul 20 23:23:00 2015] form.cgi: Use of uninitialized value $firstname in concatenation (.) or string at C:/wamp/bin/apache/apache2.4.9/cgi-bin/form.cgi line 31., referer: http://localhost:8000/
[Mon Jul 20 23:23:59.703886 2015] [cgi:error] [pid 7260:tid 980] [client ::1:59366] AH01215: [Mon Jul 20 23:23:59 2015] form.cgi: Use of uninitialized value $firstname in concatenation (.) or string at C:/wamp/bin/apache/apache2.4.9/cgi-bin/form.cgi line 31., referer: http://localhost:8000/
[Mon Jul 20 23:24:05.707528 2015] [cgi:error] [pid 7260:tid 988] [client ::1:59367] AH01215: [Mon Jul 20 23:24:05 2015] form.cgi: Use of uninitialized value $firstname in concatenation (.) or string at C:/wamp/bin/apache/apache2.4.9/cgi-bin/form.cgi line 31., referer: http://localhost:8000/
[Mon Jul 20 23:24:09.499027 2015] [cgi:error] [pid 7260:tid 988] [client ::1:59367] AH01215: [Mon Jul 20 23:24:09 2015] form.cgi: Use of uninitialized value $firstname in concatenation (.) or string at C:/wamp/bin/apache/apache2.4.9/cgi-bin/form.cgi line 31., referer: http://localhost:8000/
[Mon Jul 20 23:25:26.311913 2015] [cgi:error] [pid 7260:tid 984] [client ::1:59373] AH01215: [Mon Jul 20 23:25:26 2015] form.cgi: Use of uninitialized value $firstname in concatenation (.) or string at C:/wamp/bin/apache/apache2.4.9/cgi-bin/form.cgi line 31., referer: http://localhost:8000/
[Mon Jul 20 23:26:13.489642 2015] [cgi:error] [pid 7260:tid 984] [client ::1:59375] AH01215: [Mon Jul 20 23:26:13 2015] form.cgi: Use of uninitialized value $firstname in concatenation (.) or string at C:/wamp/bin/apache/apache2.4.9/cgi-bin/form.cgi line 31., referer: http://localhost:8000/
[Mon Jul 20 23:26:54.120297 2015] [cgi:error] [pid 7260:tid 984] [client ::1:59378] AH01215: [Mon Jul 20 23:26:54 2015] form.cgi: Use of uninitialized value $firstname in concatenation (.) or string at C:/wamp/bin/apache/apache2.4.9/cgi-bin/form.cgi line 31., referer: http://localhost:8000/
[Mon Jul 20 23:26:57.603308 2015] [cgi:error] [pid 7260:tid 984] [client ::1:59378] AH01215: [Mon Jul 20 23:26:57 2015] form.cgi: Use of uninitialized value $firstname in concatenation (.) or string at C:/wamp/bin/apache/apache2.4.9/cgi-bin/form.cgi line 31., referer: http://localhost:8000/
[Tue Jul 21 00:34:46.378836 2015] [cgi:error] [pid 7260:tid 988] (OS 2)The system cannot find the file specified.  : [client ::1:60161] couldn't create child process: 720002: form.py, referer: http://localhost:8000/index.html
[Tue Jul 21 00:34:46.378836 2015] [cgi:error] [pid 7260:tid 988] (OS 2)The system cannot find the file specified.  : [client ::1:60161] AH01223: couldn't spawn child process: C:/wamp/www/cgi/form.py, referer: http://localhost:8000/index.html
[Tue Jul 21 00:36:09.016815 2015] [cgi:error] [pid 7260:tid 988] (OS 2)The system cannot find the file specified.  : [client ::1:60174] couldn't create child process: 720002: form.py, referer: http://localhost:8000/index.html
[Tue Jul 21 00:36:09.016815 2015] [cgi:error] [pid 7260:tid 988] (OS 2)The system cannot find the file specified.  : [client ::1:60174] AH01223: couldn't spawn child process: C:/wamp/www/cgi/form.py, referer: http://localhost:8000/index.html
[Tue Jul 21 00:44:25.092986 2015] [cgi:error] [pid 7260:tid 984] (OS 2)The system cannot find the file specified.  : [client ::1:60327] couldn't create child process: 720002: form.py, referer: http://localhost:8000/index.html
[Tue Jul 21 00:44:25.092986 2015] [cgi:error] [pid 7260:tid 984] (OS 2)The system cannot find the file specified.  : [client ::1:60327] AH01223: couldn't spawn child process: C:/wamp/www/cgi/form.py, referer: http://localhost:8000/index.html
[Tue Jul 21 02:45:26.402440 2015] [mpm_winnt:notice] [pid 1856:tid 580] AH00422: Parent: Received shutdown signal -- Shutting down the server.
[Tue Jul 21 02:45:28.433769 2015] [mpm_winnt:notice] [pid 7260:tid 472] AH00364: Child: All worker threads have exited.
[Tue Jul 21 02:45:28.464978 2015] [mpm_winnt:notice] [pid 1856:tid 580] AH00430: Parent: Child process 7260 exited successfully.
[Tue Jul 21 17:51:53.649267 2015] [mpm_winnt:notice] [pid 3824:tid 556] AH00455: Apache/2.4.9 (Win32) PHP/5.5.12 configured -- resuming normal operations
[Tue Jul 21 17:51:53.664904 2015] [mpm_winnt:notice] [pid 3824:tid 556] AH00456: Apache Lounge VC11 Server built: Mar 16 2014 12:13:13
[Tue Jul 21 17:51:53.664904 2015] [core:notice] [pid 3824:tid 556] AH00094: Command line: 'c:\\wamp\\bin\\apache\\apache2.4.9\\bin\\httpd.exe -d C:/wamp/bin/apache/apache2.4.9'
[Tue Jul 21 17:51:53.680529 2015] [mpm_winnt:notice] [pid 3824:tid 556] AH00418: Parent: Created child process 3296
[Tue Jul 21 17:51:54.664895 2015] [mpm_winnt:notice] [pid 3296:tid 472] AH00354: Child: Starting 64 worker threads.
[Tue Jul 21 17:54:00.299339 2015] [cgi:error] [pid 3296:tid 1008] [client ::1:54641] End of script output before headers: form.cgi, referer: http://localhost:8000/
[Tue Jul 21 17:54:00.299339 2015] [cgi:error] [pid 3296:tid 1008] [client ::1:54641] AH01215: Can't locate CGI/Session.pm in @INC (you may need to install the CGI::Session module) (@INC contains: C:/wamp/bin/perl/site/lib C:/wamp/bin/perl/lib .) at C:/wamp/bin/apache/apache2.4.9/cgi-bin/form.cgi line 5., referer: http://localhost:8000/
[Tue Jul 21 17:54:00.300346 2015] [cgi:error] [pid 3296:tid 1008] [client ::1:54641] AH01215: BEGIN failed--compilation aborted at C:/wamp/bin/apache/apache2.4.9/cgi-bin/form.cgi line 5., referer: http://localhost:8000/
[Tue Jul 21 17:55:46.474397 2015] [cgi:error] [pid 3296:tid 1016] [client ::1:54647] End of script output before headers: form.cgi, referer: http://localhost:8000/
[Tue Jul 21 17:55:46.475398 2015] [cgi:error] [pid 3296:tid 1016] [client ::1:54647] AH01215: Can't locate CGI/Session.pm in @INC (you may need to install the CGI::Session module) (@INC contains: C:/wamp/bin/perl/site/lib C:/wamp/bin/perl/lib .) at C:/wamp/bin/apache/apache2.4.9/cgi-bin/form.cgi line 5., referer: http://localhost:8000/
[Tue Jul 21 17:55:46.475398 2015] [cgi:error] [pid 3296:tid 1016] [client ::1:54647] AH01215: BEGIN failed--compilation aborted at C:/wamp/bin/apache/apache2.4.9/cgi-bin/form.cgi line 5., referer: http://localhost:8000/
[Tue Jul 21 18:00:13.346452 2015] [cgi:error] [pid 3296:tid 1016] [client ::1:54661] End of script output before headers: form.cgi, referer: http://localhost:8000/
[Tue Jul 21 18:00:13.347453 2015] [cgi:error] [pid 3296:tid 1016] [client ::1:54661] AH01215: Can't locate CGI/Session.pm in @INC (you may need to install the CGI::Session module) (@INC contains: C:/wamp/bin/perl/site/lib C:/wamp/bin/perl/lib .) at C:/wamp/bin/apache/apache2.4.9/cgi-bin/form.cgi line 5., referer: http://localhost:8000/
[Tue Jul 21 18:00:13.347453 2015] [cgi:error] [pid 3296:tid 1016] [client ::1:54661] AH01215: BEGIN failed--compilation aborted at C:/wamp/bin/apache/apache2.4.9/cgi-bin/form.cgi line 5., referer: http://localhost:8000/
[Tue Jul 21 18:00:21.269234 2015] [cgi:error] [pid 3296:tid 1020] [client ::1:54664] End of script output before headers: form.cgi, referer: http://localhost:8000/
[Tue Jul 21 18:00:21.270203 2015] [cgi:error] [pid 3296:tid 1020] [client ::1:54664] AH01215: Can't locate CGI/Session.pm in @INC (you may need to install the CGI::Session module) (@INC contains: C:/wamp/bin/perl/site/lib C:/wamp/bin/perl/lib .) at C:/wamp/bin/apache/apache2.4.9/cgi-bin/form.cgi line 5., referer: http://localhost:8000/
[Tue Jul 21 18:00:21.270203 2015] [cgi:error] [pid 3296:tid 1020] [client ::1:54664] AH01215: BEGIN failed--compilation aborted at C:/wamp/bin/apache/apache2.4.9/cgi-bin/form.cgi line 5., referer: http://localhost:8000/
[Tue Jul 21 18:00:26.290519 2015] [cgi:error] [pid 3296:tid 1008] [client ::1:54665] End of script output before headers: form.cgi, referer: http://localhost:8000/
[Tue Jul 21 18:00:26.291519 2015] [cgi:error] [pid 3296:tid 1008] [client ::1:54665] AH01215: Can't locate CGI/Session.pm in @INC (you may need to install the CGI::Session module) (@INC contains: C:/wamp/bin/perl/site/lib C:/wamp/bin/perl/lib .) at C:/wamp/bin/apache/apache2.4.9/cgi-bin/form.cgi line 5., referer: http://localhost:8000/
[Tue Jul 21 18:00:26.291519 2015] [cgi:error] [pid 3296:tid 1008] [client ::1:54665] AH01215: BEGIN failed--compilation aborted at C:/wamp/bin/apache/apache2.4.9/cgi-bin/form.cgi line 5., referer: http://localhost:8000/
[Tue Jul 21 18:00:32.420156 2015] [cgi:error] [pid 3296:tid 1020] [client ::1:54667] End of script output before headers: form.cgi, referer: http://localhost:8000/
[Tue Jul 21 18:00:32.420156 2015] [cgi:error] [pid 3296:tid 1020] [client ::1:54667] AH01215: Can't locate CGI/Session.pm in @INC (you may need to install the CGI::Session module) (@INC contains: C:/wamp/bin/perl/site/lib C:/wamp/bin/perl/lib .) at C:/wamp/bin/apache/apache2.4.9/cgi-bin/form.cgi line 5., referer: http://localhost:8000/
[Tue Jul 21 18:00:32.421186 2015] [cgi:error] [pid 3296:tid 1020] [client ::1:54667] AH01215: BEGIN failed--compilation aborted at C:/wamp/bin/apache/apache2.4.9/cgi-bin/form.cgi line 5., referer: http://localhost:8000/
[Tue Jul 21 18:01:46.597282 2015] [cgi:error] [pid 3296:tid 1016] [client ::1:54677] End of script output before headers: form.cgi, referer: http://localhost:8000/
[Tue Jul 21 18:01:46.598255 2015] [cgi:error] [pid 3296:tid 1016] [client ::1:54677] AH01215: Can't locate CGI/Session.pm in @INC (you may need to install the CGI::Session module) (@INC contains: C:/wamp/bin/perl/site/lib C:/wamp/bin/perl/lib .) at C:/wamp/bin/apache/apache2.4.9/cgi-bin/form.cgi line 5., referer: http://localhost:8000/
[Tue Jul 21 18:01:46.599255 2015] [cgi:error] [pid 3296:tid 1016] [client ::1:54677] AH01215: BEGIN failed--compilation aborted at C:/wamp/bin/apache/apache2.4.9/cgi-bin/form.cgi line 5., referer: http://localhost:8000/
[Tue Jul 21 18:03:17.853130 2015] [cgi:error] [pid 3296:tid 1016] [client ::1:54687] End of script output before headers: form.cgi, referer: http://localhost:8000/
[Tue Jul 21 18:03:17.854130 2015] [cgi:error] [pid 3296:tid 1016] [client ::1:54687] AH01215: Can't locate CGI/Session.pm in @INC (you may need to install the CGI::Session module) (@INC contains: C:/wamp/bin/perl/site/lib C:/wamp/bin/perl/lib .) at C:/wamp/bin/apache/apache2.4.9/cgi-bin/form.cgi line 5., referer: http://localhost:8000/
[Tue Jul 21 18:03:17.854130 2015] [cgi:error] [pid 3296:tid 1016] [client ::1:54687] AH01215: BEGIN failed--compilation aborted at C:/wamp/bin/apache/apache2.4.9/cgi-bin/form.cgi line 5., referer: http://localhost:8000/
[Tue Jul 21 18:03:34.418163 2015] [cgi:error] [pid 3296:tid 1016] [client ::1:54688] End of script output before headers: form.cgi, referer: http://localhost:8000/
[Tue Jul 21 18:03:34.418163 2015] [cgi:error] [pid 3296:tid 1016] [client ::1:54688] AH01215: Can't locate CGI/Session.pm in @INC (you may need to install the CGI::Session module) (@INC contains: C:/wamp/bin/perl/site/lib C:/wamp/bin/perl/lib .) at C:/wamp/bin/apache/apache2.4.9/cgi-bin/form.cgi line 5., referer: http://localhost:8000/
[Tue Jul 21 18:03:34.419135 2015] [cgi:error] [pid 3296:tid 1016] [client ::1:54688] AH01215: BEGIN failed--compilation aborted at C:/wamp/bin/apache/apache2.4.9/cgi-bin/form.cgi line 5., referer: http://localhost:8000/
[Tue Jul 21 18:03:37.722247 2015] [cgi:error] [pid 3296:tid 1016] [client ::1:54689] End of script output before headers: form.cgi, referer: http://localhost:8000/
[Tue Jul 21 18:03:37.723248 2015] [cgi:error] [pid 3296:tid 1016] [client ::1:54689] AH01215: Can't locate CGI/Session.pm in @INC (you may need to install the CGI::Session module) (@INC contains: C:/wamp/bin/perl/site/lib C:/wamp/bin/perl/lib .) at C:/wamp/bin/apache/apache2.4.9/cgi-bin/form.cgi line 5., referer: http://localhost:8000/
[Tue Jul 21 18:03:37.723248 2015] [cgi:error] [pid 3296:tid 1016] [client ::1:54689] AH01215: BEGIN failed--compilation aborted at C:/wamp/bin/apache/apache2.4.9/cgi-bin/form.cgi line 5., referer: http://localhost:8000/
[Tue Jul 21 18:03:53.647303 2015] [cgi:error] [pid 3296:tid 1016] [client ::1:54690] End of script output before headers: form.cgi, referer: http://localhost:8000/
[Tue Jul 21 18:03:53.648301 2015] [cgi:error] [pid 3296:tid 1016] [client ::1:54690] AH01215: Can't locate CGI/Session.pm in @INC (you may need to install the CGI::Session module) (@INC contains: C:/wamp/bin/perl/site/lib C:/wamp/bin/perl/lib .) at C:/wamp/bin/apache/apache2.4.9/cgi-bin/form.cgi line 5., referer: http://localhost:8000/
[Tue Jul 21 18:03:53.648301 2015] [cgi:error] [pid 3296:tid 1016] [client ::1:54690] AH01215: BEGIN failed--compilation aborted at C:/wamp/bin/apache/apache2.4.9/cgi-bin/form.cgi line 5., referer: http://localhost:8000/
[Tue Jul 21 18:11:06.479119 2015] [cgi:error] [pid 3296:tid 1016] [client ::1:54757] AH01215: [Tue Jul 21 18:11:06 2015] form.cgi: Use of uninitialized value $firstname in concatenation (.) or string at C:/wamp/bin/apache/apache2.4.9/cgi-bin/form.cgi line 38., referer: http://localhost:8000/
[Tue Jul 21 18:11:41.637270 2015] [cgi:error] [pid 3296:tid 1016] [client ::1:54759] AH01215: [Tue Jul 21 18:11:41 2015] form.cgi: Use of uninitialized value $firstname in concatenation (.) or string at C:/wamp/bin/apache/apache2.4.9/cgi-bin/form.cgi line 38., referer: http://localhost:8000/
[Tue Jul 21 18:12:07.508837 2015] [cgi:error] [pid 3296:tid 1016] [client ::1:54760] AH01215: [Tue Jul 21 18:12:07 2015] form.cgi: Use of uninitialized value $firstname in concatenation (.) or string at C:/wamp/bin/apache/apache2.4.9/cgi-bin/form.cgi line 38., referer: http://localhost:8000/
[Tue Jul 21 18:12:55.886378 2015] [cgi:error] [pid 3296:tid 1016] [client ::1:54762] AH01215: [Tue Jul 21 18:12:55 2015] form.cgi: Use of uninitialized value $firstname in concatenation (.) or string at C:/wamp/bin/apache/apache2.4.9/cgi-bin/form.cgi line 38., referer: http://localhost:8000/
[Tue Jul 21 18:13:06.349677 2015] [cgi:error] [pid 3296:tid 1016] [client ::1:54763] AH01215: [Tue Jul 21 18:13:06 2015] form.cgi: Use of uninitialized value $firstname in concatenation (.) or string at C:/wamp/bin/apache/apache2.4.9/cgi-bin/form.cgi line 38., referer: http://localhost:8000/
[Tue Jul 21 18:14:01.279624 2015] [cgi:error] [pid 3296:tid 1016] [client ::1:54766] AH01215: [Tue Jul 21 18:14:01 2015] form.cgi: Use of uninitialized value $firstname in concatenation (.) or string at C:/wamp/bin/apache/apache2.4.9/cgi-bin/form.cgi line 38., referer: http://localhost:8000/
[Tue Jul 21 18:15:41.950004 2015] [cgi:error] [pid 3296:tid 1016] [client ::1:54792] AH01215: [Tue Jul 21 18:15:41 2015] form.cgi: Use of uninitialized value $firstname in concatenation (.) or string at C:/wamp/bin/apache/apache2.4.9/cgi-bin/form.cgi line 39., referer: http://localhost:8000/
[Tue Jul 21 18:21:39.588175 2015] [cgi:error] [pid 3296:tid 1016] [client ::1:54820] AH01215: [Tue Jul 21 18:21:39 2015] form.cgi: Use of uninitialized value $firstname in concatenation (.) or string at C:/wamp/bin/apache/apache2.4.9/cgi-bin/form.cgi line 38., referer: http://localhost:8000/
[Tue Jul 21 18:21:58.532250 2015] [cgi:error] [pid 3296:tid 1016] [client ::1:54822] AH01215: [Tue Jul 21 18:21:58 2015] form.cgi: Use of uninitialized value $firstname in concatenation (.) or string at C:/wamp/bin/apache/apache2.4.9/cgi-bin/form.cgi line 38., referer: http://localhost:8000/
[Tue Jul 21 18:26:02.440929 2015] [cgi:error] [pid 3296:tid 1016] [client ::1:54857] AH01215: [Tue Jul 21 18:26:02 2015] form.cgi: Use of uninitialized value $firstname in concatenation (.) or string at C:/wamp/bin/apache/apache2.4.9/cgi-bin/form.cgi line 38., referer: http://localhost:8000/
[Tue Jul 21 18:26:05.917135 2015] [cgi:error] [pid 3296:tid 1016] [client ::1:54857] AH01215: [Tue Jul 21 18:26:05 2015] form.cgi: Use of uninitialized value $firstname in concatenation (.) or string at C:/wamp/bin/apache/apache2.4.9/cgi-bin/form.cgi line 38., referer: http://localhost:8000/
[Tue Jul 21 18:36:23.026700 2015] [cgi:error] [pid 3296:tid 1016] [client ::1:54996] End of script output before headers: form.cgi, referer: http://localhost:8000/
[Tue Jul 21 18:36:23.026700 2015] [cgi:error] [pid 3296:tid 1016] [client ::1:54996] AH01215: Can't locate CGI/Session.pm in @INC (you may need to install the CGI::Session module) (@INC contains: C:/wamp/bin/perl/site/lib C:/wamp/bin/perl/lib .) at C:/wamp/bin/apache/apache2.4.9/cgi-bin/form.cgi line 5., referer: http://localhost:8000/
[Tue Jul 21 18:36:23.026700 2015] [cgi:error] [pid 3296:tid 1016] [client ::1:54996] AH01215: BEGIN failed--compilation aborted at C:/wamp/bin/apache/apache2.4.9/cgi-bin/form.cgi line 5., referer: http://localhost:8000/
[Tue Jul 21 18:36:34.013471 2015] [cgi:error] [pid 3296:tid 1016] [client ::1:54997] End of script output before headers: form.cgi, referer: http://localhost:8000/
[Tue Jul 21 18:36:34.013471 2015] [cgi:error] [pid 3296:tid 1016] [client ::1:54997] AH01215: "use" not allowed in expression at C:/wamp/bin/apache/apache2.4.9/cgi-bin/form.cgi line 5, at end of line, referer: http://localhost:8000/
[Tue Jul 21 18:36:34.013471 2015] [cgi:error] [pid 3296:tid 1016] [client ::1:54997] AH01215: syntax error at C:/wamp/bin/apache/apache2.4.9/cgi-bin/form.cgi line 5, near "use CGI::Carp ", referer: http://localhost:8000/
[Tue Jul 21 18:36:34.013471 2015] [cgi:error] [pid 3296:tid 1016] [client ::1:54997] AH01215: BEGIN not safe after errors--compilation aborted at C:/wamp/bin/apache/apache2.4.9/cgi-bin/form.cgi line 6., referer: http://localhost:8000/
[Tue Jul 21 18:36:41.418009 2015] [cgi:error] [pid 3296:tid 1016] [client ::1:54998] End of script output before headers: form.cgi, referer: http://localhost:8000/
[Tue Jul 21 18:36:41.418009 2015] [cgi:error] [pid 3296:tid 1016] [client ::1:54998] AH01215: "use" not allowed in expression at C:/wamp/bin/apache/apache2.4.9/cgi-bin/form.cgi line 5, at end of line, referer: http://localhost:8000/
[Tue Jul 21 18:36:41.418009 2015] [cgi:error] [pid 3296:tid 1016] [client ::1:54998] AH01215: syntax error at C:/wamp/bin/apache/apache2.4.9/cgi-bin/form.cgi line 5, near "use CGI::Carp ", referer: http://localhost:8000/
[Tue Jul 21 18:36:41.422004 2015] [cgi:error] [pid 3296:tid 1016] [client ::1:54998] AH01215: BEGIN not safe after errors--compilation aborted at C:/wamp/bin/apache/apache2.4.9/cgi-bin/form.cgi line 6., referer: http://localhost:8000/
[Tue Jul 21 18:36:52.658129 2015] [cgi:error] [pid 3296:tid 1016] [client ::1:54999] End of script output before headers: form.cgi, referer: http://localhost:8000/
[Tue Jul 21 18:36:52.658129 2015] [cgi:error] [pid 3296:tid 1016] [client ::1:54999] AH01215: "use" not allowed in expression at C:/wamp/bin/apache/apache2.4.9/cgi-bin/form.cgi line 5, at end of line, referer: http://localhost:8000/
[Tue Jul 21 18:36:52.662132 2015] [cgi:error] [pid 3296:tid 1016] [client ::1:54999] AH01215: syntax error at C:/wamp/bin/apache/apache2.4.9/cgi-bin/form.cgi line 5, near "use CGI::Carp ", referer: http://localhost:8000/
[Tue Jul 21 18:36:52.662132 2015] [cgi:error] [pid 3296:tid 1016] [client ::1:54999] AH01215: BEGIN not safe after errors--compilation aborted at C:/wamp/bin/apache/apache2.4.9/cgi-bin/form.cgi line 6., referer: http://localhost:8000/
[Tue Jul 21 18:37:01.364780 2015] [cgi:error] [pid 3296:tid 1016] [client ::1:55000] End of script output before headers: form.cgi, referer: http://localhost:8000/
[Tue Jul 21 18:37:01.364780 2015] [cgi:error] [pid 3296:tid 1016] [client ::1:55000] AH01215: "use" not allowed in expression at C:/wamp/bin/apache/apache2.4.9/cgi-bin/form.cgi line 5, at end of line, referer: http://localhost:8000/
[Tue Jul 21 18:37:01.364780 2015] [cgi:error] [pid 3296:tid 1016] [client ::1:55000] AH01215: syntax error at C:/wamp/bin/apache/apache2.4.9/cgi-bin/form.cgi line 5, near "use CGI::Carp ", referer: http://localhost:8000/
[Tue Jul 21 18:37:01.364780 2015] [cgi:error] [pid 3296:tid 1016] [client ::1:55000] AH01215: Execution of C:/wamp/bin/apache/apache2.4.9/cgi-bin/form.cgi aborted due to compilation errors., referer: http://localhost:8000/
[Tue Jul 21 18:37:18.761182 2015] [cgi:error] [pid 3296:tid 1016] [client ::1:55003] End of script output before headers: form.cgi, referer: http://localhost:8000/
[Tue Jul 21 18:37:18.761182 2015] [cgi:error] [pid 3296:tid 1016] [client ::1:55003] AH01215: "use" not allowed in expression at C:/wamp/bin/apache/apache2.4.9/cgi-bin/form.cgi line 5, at end of line, referer: http://localhost:8000/
[Tue Jul 21 18:37:18.761182 2015] [cgi:error] [pid 3296:tid 1016] [client ::1:55003] AH01215: syntax error at C:/wamp/bin/apache/apache2.4.9/cgi-bin/form.cgi line 5, near "use CGI::Carp ", referer: http://localhost:8000/
[Tue Jul 21 18:37:18.761182 2015] [cgi:error] [pid 3296:tid 1016] [client ::1:55003] AH01215: Execution of C:/wamp/bin/apache/apache2.4.9/cgi-bin/form.cgi aborted due to compilation errors., referer: http://localhost:8000/
[Tue Jul 21 18:37:22.003435 2015] [cgi:error] [pid 3296:tid 1016] [client ::1:55004] End of script output before headers: form.cgi, referer: http://localhost:8000/
[Tue Jul 21 18:37:22.003435 2015] [cgi:error] [pid 3296:tid 1016] [client ::1:55004] AH01215: "use" not allowed in expression at C:/wamp/bin/apache/apache2.4.9/cgi-bin/form.cgi line 5, at end of line, referer: http://localhost:8000/
[Tue Jul 21 18:37:22.003435 2015] [cgi:error] [pid 3296:tid 1016] [client ::1:55004] AH01215: syntax error at C:/wamp/bin/apache/apache2.4.9/cgi-bin/form.cgi line 5, near "use CGI::Carp ", referer: http://localhost:8000/
[Tue Jul 21 18:37:22.003435 2015] [cgi:error] [pid 3296:tid 1016] [client ::1:55004] AH01215: Execution of C:/wamp/bin/apache/apache2.4.9/cgi-bin/form.cgi aborted due to compilation errors., referer: http://localhost:8000/
[Tue Jul 21 20:19:06.063890 2015] [:error] [pid 3296:tid 1008] [client ::1:55934] script 'C:/wamp/www/about.php' not found or unable to stat, referer: http://localhost:8000/
[Wed Jul 22 09:30:26.999435 2015] [mpm_winnt:notice] [pid 3824:tid 556] AH00422: Parent: Received shutdown signal -- Shutting down the server.
[Wed Jul 22 09:30:29.062010 2015] [mpm_winnt:notice] [pid 3296:tid 472] AH00364: Child: All worker threads have exited.
[Wed Jul 22 09:30:29.296388 2015] [mpm_winnt:notice] [pid 3824:tid 556] AH00430: Parent: Child process 3296 exited successfully.
[Wed Jul 22 22:37:45.042950 2015] [mpm_winnt:notice] [pid 5440:tid 556] AH00455: Apache/2.4.9 (Win32) PHP/5.5.12 configured -- resuming normal operations
[Wed Jul 22 22:37:45.042950 2015] [mpm_winnt:notice] [pid 5440:tid 556] AH00456: Apache Lounge VC11 Server built: Mar 16 2014 12:13:13
[Wed Jul 22 22:37:45.042950 2015] [core:notice] [pid 5440:tid 556] AH00094: Command line: 'c:\\wamp\\bin\\apache\\apache2.4.9\\bin\\httpd.exe -d C:/wamp/bin/apache/apache2.4.9'
[Wed Jul 22 22:37:45.058576 2015] [mpm_winnt:notice] [pid 5440:tid 556] AH00418: Parent: Created child process 3940
[Wed Jul 22 22:37:45.996088 2015] [mpm_winnt:notice] [pid 3940:tid 472] AH00354: Child: Starting 64 worker threads.
[Wed Jul 22 22:41:56.816528 2015] [cgi:error] [pid 3940:tid 984] [client ::1:63525] AH01215: [Wed Jul 22 22:41:56 2015] form.cgi: Use of uninitialized value $firstname in concatenation (.) or string at C:/wamp/bin/apache/apache2.4.9/cgi-bin/form.cgi line 38., referer: http://localhost:8000/
[Wed Jul 22 22:43:15.519698 2015] [cgi:error] [pid 3940:tid 988] [client ::1:63528] AH01215: [Wed Jul 22 22:43:15 2015] form.cgi: Use of uninitialized value $firstname in concatenation (.) or string at C:/wamp/bin/apache/apache2.4.9/cgi-bin/form.cgi line 38., referer: http://localhost:8000/
[Wed Jul 22 22:47:13.867494 2015] [cgi:error] [pid 3940:tid 996] [client ::1:63601] AH01215: [Wed Jul 22 22:47:13 2015] form.cgi: Use of uninitialized value $firstname in concatenation (.) or string at C:/wamp/bin/apache/apache2.4.9/cgi-bin/form.cgi line 39., referer: http://localhost:8000/
[Wed Jul 22 22:48:06.420783 2015] [cgi:error] [pid 3940:tid 992] [client ::1:63606] AH01215: [Wed Jul 22 22:48:06 2015] form.cgi: Use of uninitialized value $lastname in concatenation (.) or string at C:/wamp/bin/apache/apache2.4.9/cgi-bin/form.cgi line 38., referer: http://localhost:8000/
[Wed Jul 22 22:48:54.357863 2015] [cgi:error] [pid 3940:tid 992] [client ::1:63616] AH01215: [Wed Jul 22 22:48:54 2015] form.cgi: Use of uninitialized value $firstname in concatenation (.) or string at C:/wamp/bin/apache/apache2.4.9/cgi-bin/form.cgi line 36., referer: http://localhost:8000/
[Wed Jul 22 22:49:30.820215 2015] [cgi:error] [pid 3940:tid 984] [client ::1:63622] AH01215: [Wed Jul 22 22:49:30 2015] form.cgi: Use of uninitialized value $firstname in concatenation (.) or string at C:/wamp/bin/apache/apache2.4.9/cgi-bin/form.cgi line 35., referer: http://localhost:8000/
[Wed Jul 22 22:52:50.280065 2015] [cgi:error] [pid 3940:tid 988] [client ::1:63694] AH01215: [Wed Jul 22 22:52:50 2015] form.cgi: Use of uninitialized value $firstname in concatenation (.) or string at C:/wamp/bin/apache/apache2.4.9/cgi-bin/form.cgi line 35., referer: http://localhost:8000/
[Wed Jul 22 22:53:36.962566 2015] [cgi:error] [pid 3940:tid 988] [client ::1:63696] AH01215: [Wed Jul 22 22:53:36 2015] form.cgi: Use of uninitialized value $firstname in concatenation (.) or string at C:/wamp/bin/apache/apache2.4.9/cgi-bin/form.cgi line 35., referer: http://localhost:8000/
[Wed Jul 22 22:53:56.427842 2015] [cgi:error] [pid 3940:tid 996] [client ::1:63699] AH01215: [Wed Jul 22 22:53:56 2015] form.cgi: Use of uninitialized value $firstname in concatenation (.) or string at C:/wamp/bin/apache/apache2.4.9/cgi-bin/form.cgi line 35., referer: http://localhost:8000/
[Wed Jul 22 22:56:10.475382 2015] [cgi:error] [pid 3940:tid 996] [client ::1:63724] AH01215: [Wed Jul 22 22:56:10 2015] form.cgi: Use of uninitialized value $firstname in concatenation (.) or string at C:/wamp/bin/apache/apache2.4.9/cgi-bin/form.cgi line 36., referer: http://localhost:8000/
[Wed Jul 22 22:57:27.323684 2015] [cgi:error] [pid 3940:tid 996] [client ::1:63726] AH01215: [Wed Jul 22 22:57:27 2015] form.cgi: Use of uninitialized value $firstname in concatenation (.) or string at C:/wamp/bin/apache/apache2.4.9/cgi-bin/form.cgi line 37., referer: http://localhost:8000/
[Wed Jul 22 22:57:40.159216 2015] [cgi:error] [pid 3940:tid 984] [client ::1:63730] AH01215: [Wed Jul 22 22:57:40 2015] form.cgi: Use of uninitialized value $firstname in concatenation (.) or string at C:/wamp/bin/apache/apache2.4.9/cgi-bin/form.cgi line 37., referer: http://localhost:8000/
[Wed Jul 22 23:00:07.578768 2015] [cgi:error] [pid 3940:tid 988] [client ::1:63754] AH01215: [Wed Jul 22 23:00:07 2015] form.cgi: Use of uninitialized value $lastname in concatenation (.) or string at C:/wamp/bin/apache/apache2.4.9/cgi-bin/form.cgi line 38., referer: http://localhost:8000/
[Wed Jul 22 23:03:12.254256 2015] [cgi:error] [pid 3940:tid 988] [client ::1:63768] AH01215: [Wed Jul 22 23:03:12 2015] form.cgi: Use of uninitialized value $institution in concatenation (.) or string at C:/wamp/bin/apache/apache2.4.9/cgi-bin/form.cgi line 39., referer: http://localhost:8000/
[Wed Jul 22 23:05:11.071330 2015] [cgi:error] [pid 3940:tid 988] [client ::1:63802] AH01215: [Wed Jul 22 23:05:11 2015] form.cgi: Use of uninitialized value $institution in concatenation (.) or string at C:/wamp/bin/apache/apache2.4.9/cgi-bin/form.cgi line 39., referer: http://localhost:8000/
[Wed Jul 22 23:05:16.054041 2015] [cgi:error] [pid 3940:tid 988] [client ::1:63802] AH01215: [Wed Jul 22 23:05:16 2015] form.cgi: Use of uninitialized value $institution in concatenation (.) or string at C:/wamp/bin/apache/apache2.4.9/cgi-bin/form.cgi line 39., referer: http://localhost:8000/
[Wed Jul 22 23:05:29.953704 2015] [cgi:error] [pid 3940:tid 984] [client ::1:63803] AH01215: [Wed Jul 22 23:05:29 2015] form.cgi: Undefined subroutine &main::get_id called at C:/wamp/bin/apache/apache2.4.9/cgi-bin/form.cgi line 33., referer: http://localhost:8000/
[Wed Jul 22 23:30:07.863475 2015] [cgi:error] [pid 3940:tid 996] [client ::1:64137] AH01215: [Wed Jul 22 23:30:07 2015] form.cgi: Undefined subroutine &main::get_id called at C:/wamp/bin/apache/apache2.4.9/cgi-bin/form.cgi line 33., referer: http://localhost:8000/
[Thu Jul 23 01:02:55.356717 2015] [cgi:error] [pid 3940:tid 992] [client ::1:64317] AH01215: [Thu Jul 23 01:02:55 2015] form.cgi: Can't find string terminator "end_html" anywhere before EOF at C:/wamp/bin/apache/apache2.4.9/cgi-bin/form.cgi line 58., referer: http://localhost:8000/
[Thu Jul 23 01:03:36.009841 2015] [cgi:error] [pid 3940:tid 988] [client ::1:64323] AH01215: [Thu Jul 23 01:03:35 2015] form.cgi: Can't find string terminator "ENDHTML" anywhere before EOF at C:/wamp/bin/apache/apache2.4.9/cgi-bin/form.cgi line 58., referer: http://localhost:8000/
[Thu Jul 23 01:04:34.355538 2015] [cgi:error] [pid 3940:tid 992] [client ::1:64327] AH01215: [Thu Jul 23 01:04:34 2015] form.cgi: Can't find string terminator "ENDHTML" anywhere before EOF at C:/wamp/bin/apache/apache2.4.9/cgi-bin/form.cgi line 59., referer: http://localhost:8000/
[Thu Jul 23 01:04:38.735680 2015] [cgi:error] [pid 3940:tid 980] [client ::1:64328] AH01215: [Thu Jul 23 01:04:38 2015] form.cgi: Can't find string terminator "ENDHTML" anywhere before EOF at C:/wamp/bin/apache/apache2.4.9/cgi-bin/form.cgi line 59., referer: http://localhost:8000/
[Thu Jul 23 01:05:14.527474 2015] [cgi:error] [pid 3940:tid 992] [client ::1:64331] AH01215: [Thu Jul 23 01:05:14 2015] form.cgi: Can't find string terminator "ENDHTML" anywhere before EOF at C:/wamp/bin/apache/apache2.4.9/cgi-bin/form.cgi line 59., referer: http://localhost:8000/
[Thu Jul 23 01:12:32.466288 2015] [cgi:error] [pid 3940:tid 984] [client ::1:64396] AH01215: [Thu Jul 23 01:12:32 2015] form.cgi: Can't find string terminator "ENDHTML" anywhere before EOF at C:/wamp/bin/apache/apache2.4.9/cgi-bin/form.cgi line 59., referer: http://localhost:8000/
[Thu Jul 23 01:12:40.970156 2015] [cgi:error] [pid 3940:tid 992] [client ::1:64397] AH01215: [Thu Jul 23 01:12:40 2015] form.cgi: Can't find string terminator "ENDHTML" anywhere before EOF at C:/wamp/bin/apache/apache2.4.9/cgi-bin/form.cgi line 59., referer: http://localhost:8000/
[Thu Jul 23 01:13:33.495877 2015] [cgi:error] [pid 3940:tid 988] [client ::1:64406] AH01215: [Thu Jul 23 01:13:33 2015] form.cgi: Can't find string terminator "ENDHTML" anywhere before EOF at C:/wamp/bin/apache/apache2.4.9/cgi-bin/form.cgi line 59., referer: http://localhost:8000/
[Thu Jul 23 01:16:06.265813 2015] [cgi:error] [pid 3940:tid 992] [client ::1:64411] AH01215: [Thu Jul 23 01:16:06 2015] form.cgi: Can't find string terminator "ENDHTML" anywhere before EOF at C:/wamp/bin/apache/apache2.4.9/cgi-bin/form.cgi line 59., referer: http://localhost:8000/
[Thu Jul 23 01:29:53.378377 2015] [mpm_winnt:notice] [pid 5440:tid 556] AH00422: Parent: Received shutdown signal -- Shutting down the server.
[Thu Jul 23 01:29:55.409649 2015] [mpm_winnt:notice] [pid 3940:tid 472] AH00364: Child: All worker threads have exited.
[Thu Jul 23 01:29:55.503375 2015] [mpm_winnt:notice] [pid 5440:tid 556] AH00430: Parent: Child process 3940 exited successfully.
[Thu Jul 23 14:19:39.636616 2015] [mpm_winnt:notice] [pid 3856:tid 564] AH00455: Apache/2.4.9 (Win32) PHP/5.5.12 configured -- resuming normal operations
[Thu Jul 23 14:19:39.667889 2015] [mpm_winnt:notice] [pid 3856:tid 564] AH00456: Apache Lounge VC11 Server built: Mar 16 2014 12:13:13
[Thu Jul 23 14:19:39.667889 2015] [core:notice] [pid 3856:tid 564] AH00094: Command line: 'c:\\wamp\\bin\\apache\\apache2.4.9\\bin\\httpd.exe -d C:/wamp/bin/apache/apache2.4.9'
[Thu Jul 23 14:19:39.667889 2015] [mpm_winnt:notice] [pid 3856:tid 564] AH00418: Parent: Created child process 8428
[Thu Jul 23 14:19:40.730373 2015] [mpm_winnt:notice] [pid 8428:tid 472] AH00354: Child: Starting 64 worker threads.
[Thu Jul 23 14:55:09.573591 2015] [cgi:error] [pid 8428:tid 980] [client ::1:51197] AH01215: [Thu Jul 23 14:55:09 2015] form.cgi: No such file or directory at C:/wamp/bin/apache/apache2.4.9/cgi-bin/form.cgi line 33., referer: http://localhost:8000/
[Thu Jul 23 14:56:54.846660 2015] [cgi:error] [pid 8428:tid 980] [client ::1:51204] AH01215: [Thu Jul 23 14:56:54 2015] form.cgi: Global symbol "$dir" requires explicit package name at C:/wamp/bin/apache/apache2.4.9/cgi-bin/form.cgi line 33., referer: http://localhost:8000/
[Thu Jul 23 14:56:54.846660 2015] [cgi:error] [pid 8428:tid 980] [client ::1:51204] AH01215: [Thu Jul 23 14:56:54 2015] form.cgi: Execution of C:/wamp/bin/apache/apache2.4.9/cgi-bin/form.cgi aborted due to compilation errors., referer: http://localhost:8000/
[Thu Jul 23 14:57:26.061318 2015] [cgi:error] [pid 8428:tid 992] [client ::1:51209] AH01215: [Thu Jul 23 14:57:26 2015] form.cgi: Can't open C:/wamp/www/upload/20150723145726//train.txt No such file or directory at C:/wamp/bin/apache/apache2.4.9/cgi-bin/form.cgi line 33., referer: http://localhost:8000/
[Thu Jul 23 14:58:50.465613 2015] [cgi:error] [pid 8428:tid 996] [client ::1:51215] AH01215: [Thu Jul 23 14:58:50 2015] form.cgi: Can't open C:/wamp/www/upload/20150723145850//train.txt No such file or directory at C:/wamp/bin/apache/apache2.4.9/cgi-bin/form.cgi line 34., referer: http://localhost:8000/
[Thu Jul 23 14:58:56.695119 2015] [cgi:error] [pid 8428:tid 984] [client ::1:51216] AH01215: [Thu Jul 23 14:58:56 2015] form.cgi: Can't open C:/wamp/www/upload/20150723145856//train.txt No such file or directory at C:/wamp/bin/apache/apache2.4.9/cgi-bin/form.cgi line 34., referer: http://localhost:8000/
[Thu Jul 23 15:00:04.331331 2015] [cgi:error] [pid 8428:tid 984] [client ::1:51221] AH01215: [Thu Jul 23 15:00:04 2015] form.cgi: Can't open C:/wamp/www/upload/20150723150004/train.txt No such file or directory at C:/wamp/bin/apache/apache2.4.9/cgi-bin/form.cgi line 34., referer: http://localhost:8000/
[Thu Jul 23 15:10:11.516546 2015] [cgi:error] [pid 8428:tid 992] [client ::1:51293] AH01215: [Thu Jul 23 15:10:11 2015] form.cgi: Can't open C:/wamp/www/upload/20150723151011/ No such file or directory at C:/wamp/bin/apache/apache2.4.9/cgi-bin/form.cgi line 34., referer: http://localhost:8000/
[Thu Jul 23 15:11:52.121007 2015] [cgi:error] [pid 8428:tid 992] [client ::1:51304] AH01215: [Thu Jul 23 15:11:52 2015] form.cgi: Can't find string terminator "ENDHTML" anywhere before EOF at C:/wamp/bin/apache/apache2.4.9/cgi-bin/form.cgi line 74., referer: http://localhost:8000/
[Thu Jul 23 18:21:44.051014 2015] [mpm_winnt:notice] [pid 3856:tid 564] AH00422: Parent: Received shutdown signal -- Shutting down the server.
[Thu Jul 23 18:21:46.053459 2015] [mpm_winnt:notice] [pid 8428:tid 472] AH00364: Child: All worker threads have exited.
[Thu Jul 23 18:21:46.101464 2015] [mpm_winnt:notice] [pid 3856:tid 564] AH00430: Parent: Child process 8428 exited successfully.
[Fri Jul 24 15:41:09.835610 2015] [mpm_winnt:notice] [pid 8088:tid 564] AH00455: Apache/2.4.9 (Win32) PHP/5.5.12 configured -- resuming normal operations
[Fri Jul 24 15:41:09.842643 2015] [mpm_winnt:notice] [pid 8088:tid 564] AH00456: Apache Lounge VC11 Server built: Mar 16 2014 12:13:13
[Fri Jul 24 15:41:09.842643 2015] [core:notice] [pid 8088:tid 564] AH00094: Command line: 'c:\\wamp\\bin\\apache\\apache2.4.9\\bin\\httpd.exe -d C:/wamp/bin/apache/apache2.4.9'
[Fri Jul 24 15:41:09.845645 2015] [mpm_winnt:notice] [pid 8088:tid 564] AH00418: Parent: Created child process 4328
[Fri Jul 24 15:41:10.846325 2015] [mpm_winnt:notice] [pid 4328:tid 472] AH00354: Child: Starting 64 worker threads.
[Fri Jul 24 19:32:15.480736 2015] [mpm_winnt:notice] [pid 8088:tid 564] AH00422: Parent: Received shutdown signal -- Shutting down the server.
[Fri Jul 24 19:32:17.497507 2015] [mpm_winnt:notice] [pid 4328:tid 472] AH00364: Child: All worker threads have exited.
[Fri Jul 24 19:32:17.537676 2015] [mpm_winnt:notice] [pid 8088:tid 564] AH00430: Parent: Child process 4328 exited successfully.
[Tue Jul 28 00:55:07.761394 2015] [mpm_winnt:notice] [pid 2108:tid 568] AH00455: Apache/2.4.9 (Win32) PHP/5.5.12 configured -- resuming normal operations
[Tue Jul 28 00:55:07.762420 2015] [mpm_winnt:notice] [pid 2108:tid 568] AH00456: Apache Lounge VC11 Server built: Mar 16 2014 12:13:13
[Tue Jul 28 00:55:07.762420 2015] [core:notice] [pid 2108:tid 568] AH00094: Command line: 'c:\\wamp\\bin\\apache\\apache2.4.9\\bin\\httpd.exe -d C:/wamp/bin/apache/apache2.4.9'
[Tue Jul 28 00:55:07.765422 2015] [mpm_winnt:notice] [pid 2108:tid 568] AH00418: Parent: Created child process 7880
[Tue Jul 28 00:55:08.767108 2015] [mpm_winnt:notice] [pid 7880:tid 476] AH00354: Child: Starting 64 worker threads.
[Tue Jul 28 13:23:42.224791 2015] [core:warn] [pid 3764:tid 448] AH00098: pid file C:/wamp/bin/apache/apache2.4.9/logs/httpd.pid overwritten -- Unclean shutdown of previous Apache run?
[Tue Jul 28 13:23:42.506048 2015] [mpm_winnt:notice] [pid 3764:tid 448] AH00455: Apache/2.4.9 (Win32) PHP/5.5.12 configured -- resuming normal operations
[Tue Jul 28 13:23:42.506048 2015] [mpm_winnt:notice] [pid 3764:tid 448] AH00456: Apache Lounge VC11 Server built: Mar 16 2014 12:13:13
[Tue Jul 28 13:23:42.506048 2015] [core:notice] [pid 3764:tid 448] AH00094: Command line: 'c:\\wamp\\bin\\apache\\apache2.4.9\\bin\\httpd.exe -d C:/wamp/bin/apache/apache2.4.9'
[Tue Jul 28 13:23:42.521671 2015] [mpm_winnt:notice] [pid 3764:tid 448] AH00418: Parent: Created child process 4264
[Tue Jul 28 13:23:43.584176 2015] [mpm_winnt:notice] [pid 4264:tid 468] AH00354: Child: Starting 64 worker threads.
[Wed Jul 29 21:49:46.912246 2015] [:error] [pid 4264:tid 976] [client ::1:58991] script 'C:/wamp/www/seqkertraining.php' not found or unable to stat, referer: http://localhost:8000/
[Thu Jul 30 01:11:22.170716 2015] [:error] [pid 4264:tid 996] [client ::1:60950] script 'C:/wamp/www/training.php' not found or unable to stat, referer: http://localhost:8000/
[Thu Jul 30 02:01:29.977946 2015] [:error] [pid 4264:tid 984] [client ::1:61627] script 'C:/wamp/www/prediction.php' not found or unable to stat, referer: http://localhost:8000/
[Thu Jul 30 02:25:32.563881 2015] [:error] [pid 4264:tid 988] [client ::1:62047] script 'C:/wamp/www/prediction.php' not found or unable to stat, referer: http://localhost:8000/
[Thu Jul 30 02:33:19.308557 2015] [:error] [pid 4264:tid 988] [client ::1:62163] script 'C:/wamp/www/training.php' not found or unable to stat, referer: http://localhost:8000/
[Thu Jul 30 13:22:58.461932 2015] [:error] [pid 4264:tid 992] [client ::1:49537] script 'C:/wamp/www/recentjobs.php' not found or unable to stat, referer: http://localhost:8000/index.php
[Thu Jul 30 13:27:46.245347 2015] [:error] [pid 4264:tid 992] [client ::1:49559] script 'C:/wamp/www/recentjobs.php' not found or unable to stat, referer: http://localhost:8000/form.php
[Thu Jul 30 13:27:51.060719 2015] [:error] [pid 4264:tid 992] [client ::1:49559] script 'C:/wamp/www/recentjobs.php' not found or unable to stat, referer: http://localhost:8000/form.php
[Thu Jul 30 14:26:23.450044 2015] [cgi:error] [pid 4264:tid 984] [client ::1:49966] AH01215: [Thu Jul 30 14:26:23 2015] form.cgi: Use of uninitialized value $training_celltype in concatenation (.) or string at C:/wamp/bin/apache/apache2.4.9/cgi-bin/form.cgi line 64., referer: http://localhost:8000/form.php
[Thu Jul 30 14:50:51.058937 2015] [cgi:error] [pid 4264:tid 984] [client ::1:50243] AH01215: [Thu Jul 30 14:50:51 2015] form.cgi: Can't open C:/wamp/www/upload/20150730145051/ No such file or directory at C:/wamp/bin/apache/apache2.4.9/cgi-bin/form.cgi line 34., referer: http://localhost:8000/form.php
[Thu Jul 30 14:51:13.312983 2015] [cgi:error] [pid 4264:tid 984] [client ::1:50246] AH01215: [Thu Jul 30 14:51:13 2015] form.cgi: Can't open C:/wamp/www/upload/20150730145113/ No such file or directory at C:/wamp/bin/apache/apache2.4.9/cgi-bin/form.cgi line 34., referer: http://localhost:8000/form.php
[Thu Jul 30 14:51:38.161905 2015] [cgi:error] [pid 4264:tid 976] [client ::1:50248] AH01215: [Thu Jul 30 14:51:38 2015] form.cgi: Can't open C:/wamp/www/upload// No such file or directory at C:/wamp/bin/apache/apache2.4.9/cgi-bin/form.cgi line 34., referer: http://localhost:8000/form.php
[Thu Jul 30 14:51:49.701360 2015] [cgi:error] [pid 4264:tid 984] [client ::1:50250] AH01215: [Thu Jul 30 14:51:49 2015] form.cgi: Can't open C:/wamp/www/upload/20150730145149/ No such file or directory at C:/wamp/bin/apache/apache2.4.9/cgi-bin/form.cgi line 34., referer: http://localhost:8000/form.php
[Thu Jul 30 14:52:05.912911 2015] [cgi:error] [pid 4264:tid 976] [client ::1:50252] AH01215: [Thu Jul 30 14:52:05 2015] form.cgi: Can't open C:/wamp/www/upload/20150730145205/ No such file or directory at C:/wamp/bin/apache/apache2.4.9/cgi-bin/form.cgi line 34., referer: http://localhost:8000/form.php
[Thu Jul 30 15:11:54.285116 2015] [cgi:error] [pid 4264:tid 984] [client ::1:50493] AH01215: [Thu Jul 30 15:11:54 2015] form.cgi: Global symbol "$upload_file" requires explicit package name at C:/wamp/bin/apache/apache2.4.9/cgi-bin/form.cgi line 39., referer: http://localhost:8000/form.php
[Thu Jul 30 15:11:54.286123 2015] [cgi:error] [pid 4264:tid 984] [client ::1:50493] AH01215: [Thu Jul 30 15:11:54 2015] form.cgi: Execution of C:/wamp/bin/apache/apache2.4.9/cgi-bin/form.cgi aborted due to compilation errors., referer: http://localhost:8000/form.php
[Thu Jul 30 15:31:53.196846 2015] [cgi:error] [pid 4264:tid 980] [client ::1:50635] AH01215: [Thu Jul 30 15:31:53 2015] form.cgi: "my" variable $name masks earlier declaration in same scope at C:/wamp/bin/apache/apache2.4.9/cgi-bin/form.cgi line 43., referer: http://localhost:8000/form.php
[Thu Jul 30 15:32:23.762466 2015] [cgi:error] [pid 4264:tid 980] [client ::1:50637] AH01215: [Thu Jul 30 15:32:23 2015] form.cgi: Global symbol "$name" requires explicit package name at C:/wamp/bin/apache/apache2.4.9/cgi-bin/form.cgi line 32., referer: http://localhost:8000/form.php
[Thu Jul 30 15:32:23.763466 2015] [cgi:error] [pid 4264:tid 980] [client ::1:50637] AH01215: [Thu Jul 30 15:32:23 2015] form.cgi: Global symbol "$extension" requires explicit package name at C:/wamp/bin/apache/apache2.4.9/cgi-bin/form.cgi line 32., referer: http://localhost:8000/form.php
[Thu Jul 30 15:32:23.763466 2015] [cgi:error] [pid 4264:tid 980] [client ::1:50637] AH01215: [Thu Jul 30 15:32:23 2015] form.cgi: Global symbol "$name" requires explicit package name at C:/wamp/bin/apache/apache2.4.9/cgi-bin/form.cgi line 44., referer: http://localhost:8000/form.php
[Thu Jul 30 15:32:23.764466 2015] [cgi:error] [pid 4264:tid 980] [client ::1:50637] AH01215: [Thu Jul 30 15:32:23 2015] form.cgi: Global symbol "$extension" requires explicit package name at C:/wamp/bin/apache/apache2.4.9/cgi-bin/form.cgi line 44., referer: http://localhost:8000/form.php
[Thu Jul 30 15:32:23.764466 2015] [cgi:error] [pid 4264:tid 980] [client ::1:50637] AH01215: [Thu Jul 30 15:32:23 2015] form.cgi: Execution of C:/wamp/bin/apache/apache2.4.9/cgi-bin/form.cgi aborted due to compilation errors., referer: http://localhost:8000/form.php
[Thu Jul 30 16:07:04.963750 2015] [mpm_winnt:notice] [pid 3764:tid 448] AH00422: Parent: Received shutdown signal -- Shutting down the server.
[Thu Jul 30 16:07:06.991881 2015] [mpm_winnt:notice] [pid 4264:tid 468] AH00364: Child: All worker threads have exited.
[Thu Jul 30 16:07:07.254387 2015] [mpm_winnt:notice] [pid 3764:tid 448] AH00430: Parent: Child process 4264 exited successfully.
[Sat Aug 01 15:01:40.508778 2015] [mpm_winnt:notice] [pid 4140:tid 556] AH00455: Apache/2.4.9 (Win32) PHP/5.5.12 configured -- resuming normal operations
[Sat Aug 01 15:01:40.523938 2015] [mpm_winnt:notice] [pid 4140:tid 556] AH00456: Apache Lounge VC11 Server built: Mar 16 2014 12:13:13
[Sat Aug 01 15:01:40.523938 2015] [core:notice] [pid 4140:tid 556] AH00094: Command line: 'c:\\wamp\\bin\\apache\\apache2.4.9\\bin\\httpd.exe -d C:/wamp/bin/apache/apache2.4.9'
[Sat Aug 01 15:01:40.523938 2015] [mpm_winnt:notice] [pid 4140:tid 556] AH00418: Parent: Created child process 3452
[Sat Aug 01 15:01:40.831905 2015] [mpm_winnt:notice] [pid 3452:tid 472] AH00354: Child: Starting 64 worker threads.
[Thu Aug 06 02:56:41.510124 2015] [mpm_winnt:notice] [pid 4140:tid 556] AH00422: Parent: Received shutdown signal -- Shutting down the server.
[Thu Aug 06 02:56:43.541362 2015] [mpm_winnt:notice] [pid 3452:tid 472] AH00364: Child: All worker threads have exited.
[Thu Aug 06 02:56:43.728861 2015] [mpm_winnt:notice] [pid 4140:tid 556] AH00430: Parent: Child process 3452 exited successfully.
